<?xml version="1.0" encoding="UTF-8"?>
<!-- Generated by org.testng.reporters.JUnitReportReporter -->
<testsuite hostname="LAPTOP-U1L5J0SK" failures="0" tests="4" name="api.test.UserTests" time="15.439" errors="0" timestamp="2023-07-24T21:00:36 IST" skipped="0">
  <testcase classname="api.test.UserTests" name="TestPostUser" time="3.335"/>
  <system-out/>
  <testcase classname="api.test.UserTests" name="testGetUserByName" time="3.318"/>
  <system-out/>
  <testcase classname="api.test.UserTests" name="testUpdateUserByName" time="5.922"/>
  <system-out/>
  <testcase classname="api.test.UserTests" name="testDeleteByUserName" time="2.864"/>
  <system-out/>
</testsuite> <!-- api.test.UserTests -->
