<?xml version="1.0" encoding="UTF-8"?>
<!-- Generated by org.testng.reporters.JUnitReportReporter -->
<testsuite hostname="LAPTOP-U1L5J0SK" failures="0" tests="9" name="api.test.DDTests" time="14.766" errors="0" timestamp="2023-07-23T21:47:53 IST" skipped="0">
  <testcase classname="api.test.DDTests" name="testPostUser" time="1.429"/>
  <system-out/>
  <testcase classname="api.test.DDTests" name="testPostUser" time="2.884"/>
  <system-out/>
  <testcase classname="api.test.DDTests" name="testPostUser" time="1.257"/>
  <system-out/>
  <testcase classname="api.test.DDTests" name="testGetUserByName" time="1.517"/>
  <system-out/>
  <testcase classname="api.test.DDTests" name="testGetUserByName" time="1.559"/>
  <system-out/>
  <testcase classname="api.test.DDTests" name="testGetUserByName" time="1.637"/>
  <system-out/>
  <testcase classname="api.test.DDTests" name="testDeleteUserByName" time="1.480"/>
  <system-out/>
  <testcase classname="api.test.DDTests" name="testDeleteUserByName" time="1.440"/>
  <system-out/>
  <testcase classname="api.test.DDTests" name="testDeleteUserByName" time="1.563"/>
  <system-out/>
</testsuite> <!-- api.test.DDTests -->
