<?xml version="1.0" encoding="UTF-8"?>
<!-- Generated by org.testng.reporters.JUnitReportReporter -->
<testsuite hostname="LAPTOP-U1L5J0SK" failures="0" tests="4" name="api.test.UserTests" time="8.981" errors="0" timestamp="2023-07-25T16:23:33 IST" skipped="0">
  <testcase classname="api.test.UserTests" name="TestPostUser" time="3.026"/>
  <system-out/>
  <testcase classname="api.test.UserTests" name="testGetUserByName" time="1.564"/>
  <system-out/>
  <testcase classname="api.test.UserTests" name="testUpdateUserByName" time="2.961"/>
  <system-out/>
  <testcase classname="api.test.UserTests" name="testDeleteByUserName" time="1.430"/>
  <system-out/>
</testsuite> <!-- api.test.UserTests -->
