<?xml version="1.0" encoding="UTF-8"?>
<!-- Generated by org.testng.reporters.JUnitReportReporter -->
<testsuite hostname="LAPTOP-U1L5J0SK" failures="0" tests="4" name="api.test.UserTests" time="8.943" errors="0" timestamp="2023-07-25T18:17:54 IST" skipped="0">
  <testcase classname="api.test.UserTests" name="TestPostUser" time="3.301"/>
  <system-out/>
  <testcase classname="api.test.UserTests" name="testGetUserByName" time="1.550"/>
  <system-out/>
  <testcase classname="api.test.UserTests" name="testUpdateUserByName" time="2.747"/>
  <system-out/>
  <testcase classname="api.test.UserTests" name="testDeleteByUserName" time="1.345"/>
  <system-out/>
</testsuite> <!-- api.test.UserTests -->
